WARN [10-01|16:15:26] No etherbase set and no accounts found as default 
INFO [10-01|16:15:26] Starting peer-to-peer node               instance=Geth/v1.6.7-stable-ab5646c5/darwin-amd64/go1.8.3
INFO [10-01|16:15:26] Allocated cache and file handles         database=/Users/cbuonocore/Library/Ethereum/geth/chaindata cache=128 handles=1024
INFO [10-01|16:15:26] Initialised chain configuration          config="{ChainID: 1 Homestead: 1150000 DAO: 1920000 DAOSupport: true EIP150: 2463000 EIP155: 2675000 EIP158: 2675000 Metropolis: 9223372036854775807 Engine: ethash}"
INFO [10-01|16:15:26] Disk storage enabled for ethash caches   dir=/Users/cbuonocore/Library/Ethereum/geth/ethash count=3
INFO [10-01|16:15:26] Disk storage enabled for ethash DAGs     dir=/Users/cbuonocore/.ethash                      count=2
INFO [10-01|16:15:26] Initialising Ethereum protocol           versions="[63 62]" network=1
INFO [10-01|16:15:26] Loaded most recent local header          number=26496 hash=8e66bf…4a388e td=17454322920559393
INFO [10-01|16:15:26] Loaded most recent local full block      number=0     hash=d4e567…cb8fa3 td=17179869184
INFO [10-01|16:15:26] Loaded most recent local fast block      number=26496 hash=8e66bf…4a388e td=17454322920559393
INFO [10-01|16:15:26] Starting P2P networking 
INFO [10-01|16:15:29] UDP listener up                          self=enode://70ba0111e5a41bec3373772b3c41185b0cf2e2d4ced860bf0ef05fbbefc108cbd8e25ecea928f9cc7455e52cabcb1740243600b3aedf8703e917ec36c9d9e985@[::]:30303
INFO [10-01|16:15:29] RLPx listener up                         self=enode://70ba0111e5a41bec3373772b3c41185b0cf2e2d4ced860bf0ef05fbbefc108cbd8e25ecea928f9cc7455e52cabcb1740243600b3aedf8703e917ec36c9d9e985@[::]:30303
INFO [10-01|16:15:29] IPC endpoint opened: /Users/cbuonocore/Library/Ethereum/geth.ipc 
INFO [10-01|16:15:49] Block synchronisation started 
INFO [10-01|16:15:51] Imported new state entries               count=1 flushed=0 elapsed=285.944µs processed=1 pending=17 retry=0 duplicate=0 unexpected=0
INFO [10-01|16:15:51] Imported new state entries               count=2 flushed=0 elapsed=466.756µs processed=3 pending=49 retry=0 duplicate=0 unexpected=0
INFO [10-01|16:15:53] Imported new state entries               count=13 flushed=0 elapsed=2.386ms   processed=16 pending=257 retry=0 duplicate=0 unexpected=0
INFO [10-01|16:15:53] Imported new block headers               count=192 elapsed=22.818ms  number=26688 hash=486883…9f02bd ignored=0
INFO [10-01|16:15:53] Imported new block receipts              count=12  elapsed=5.520ms   number=26508 hash=3a9a5d…37f164 ignored=0
INFO [10-01|16:15:53] Imported new state entries               count=25  flushed=0 elapsed=3.912ms   processed=41 pending=657 retry=0 duplicate=0 unexpected=0
INFO [10-01|16:15:56] Imported new block headers               count=192 elapsed=18.338ms  number=26880 hash=ee37c0…c99af5 ignored=0
INFO [10-01|16:15:56] Imported new block receipts              count=20  elapsed=2.184ms   number=26528 hash=54c448…0f53ca ignored=0
INFO [10-01|16:15:57] Imported new state entries               count=166 flushed=0 elapsed=16.091ms  processed=207 pending=3311 retry=0 duplicate=0 unexpected=0
INFO [10-01|16:15:59] Imported new state entries               count=224 flushed=2 elapsed=10.913ms  processed=431 pending=4681 retry=0 duplicate=0 unexpected=0
INFO [10-01|16:16:01] Imported new state entries               count=384 flushed=292 elapsed=5.857ms   processed=815 pending=4600 retry=0 duplicate=0 unexpected=0
INFO [10-01|16:16:03] Imported new state entries               count=384 flushed=394 elapsed=5.698ms   processed=1199 pending=4361 retry=0 duplicate=0 unexpected=0
INFO [10-01|16:16:04] Imported new state entries               count=384 flushed=374 elapsed=5.483ms   processed=1583 pending=4165 retry=0 duplicate=0 unexpected=0
INFO [10-01|16:16:05] Imported new state entries               count=384 flushed=315 elapsed=9.859ms   processed=1967 pending=5061 retry=0 duplicate=0 unexpected=0
INFO [10-01|16:16:06] Imported new state entries               count=384 flushed=360 elapsed=6.104ms   processed=2351 pending=4920 retry=0 duplicate=0 unexpected=0
INFO [10-01|16:16:08] Imported new state entries               count=384 flushed=433 elapsed=6.137ms   processed=2735 pending=4612 retry=0 duplicate=0 unexpected=0
INFO [10-01|16:16:11] Imported new state entries               count=283 flushed=192 elapsed=4.472ms   processed=3018 pending=4598 retry=0 duplicate=0 unexpected=0
INFO [10-01|16:16:13] Imported new state entries               count=384 flushed=386 elapsed=6.125ms   processed=3402 pending=4403 retry=0 duplicate=0 unexpected=0
INFO [10-01|16:16:14] Imported new block receipts              count=352 elapsed=17.905ms  number=26880 hash=ee37c0…c99af5 ignored=0
INFO [10-01|16:16:15] Imported new state entries               count=378 flushed=1   elapsed=16.125ms  processed=3780 pending=6762 retry=6 duplicate=0 unexpected=0
INFO [10-01|16:16:15] Imported new state entries               count=378 flushed=276 elapsed=6.102ms   processed=4158 pending=6679 retry=6 duplicate=0 unexpected=0
INFO [10-01|16:16:15] Imported new state entries               count=378 flushed=349 elapsed=6.215ms   processed=4536 pending=6508 retry=6 duplicate=0 unexpected=0
INFO [10-01|16:16:15] Imported new state entries               count=378 flushed=388 elapsed=5.679ms   processed=4914 pending=6336 retry=6 duplicate=0 unexpected=0
INFO [10-01|16:16:16] Imported new state entries               count=378 flushed=426 elapsed=8.202ms   processed=5292 pending=6094 retry=6 duplicate=0 unexpected=0
INFO [10-01|16:16:16] Imported new state entries               count=378 flushed=390 elapsed=5.960ms   processed=5670 pending=5897 retry=6 duplicate=0 unexpected=0
INFO [10-01|16:16:16] Imported new state entries               count=384 flushed=279 elapsed=12.436ms  processed=6054 pending=6928 retry=0 duplicate=0 unexpected=0
INFO [10-01|16:16:16] Imported new state entries               count=378 flushed=423 elapsed=3.520ms   processed=6432 pending=6660 retry=6 duplicate=0 unexpected=0
INFO [10-01|16:16:16] Imported new state entries               count=378 flushed=415 elapsed=4.716ms   processed=6810 pending=6377 retry=6 duplicate=0 unexpected=0
INFO [10-01|16:16:16] Imported new state entries               count=378 flushed=344 elapsed=7.008ms   processed=7188 pending=6257 retry=6 duplicate=0 unexpected=0
INFO [10-01|16:16:16] Imported new state entries               count=378 flushed=401 elapsed=5.920ms   processed=7566 pending=6069 retry=6 duplicate=0 unexpected=0
INFO [10-01|16:16:17] Imported new state entries               count=378 flushed=421 elapsed=5.196ms   processed=7944 pending=5812 retry=6 duplicate=0 unexpected=0
INFO [10-01|16:16:17] Imported new state entries               count=378 flushed=430 elapsed=6.445ms   processed=8322 pending=5535 retry=6 duplicate=0 unexpected=0
INFO [10-01|16:16:17] Imported new state entries               count=378 flushed=395 elapsed=8.298ms   processed=8700 pending=5348 retry=6 duplicate=0 unexpected=0
INFO [10-01|16:16:17] Imported new state entries               count=378 flushed=409 elapsed=6.740ms   processed=9078 pending=5368 retry=6 duplicate=0 unexpected=0
INFO [10-01|16:16:17] Imported new state entries               count=378 flushed=177 elapsed=16.050ms  processed=9456 pending=6708 retry=6 duplicate=0 unexpected=0
INFO [10-01|16:16:17] Imported new state entries               count=378 flushed=315 elapsed=4.111ms   processed=9834 pending=6548 retry=6 duplicate=0 unexpected=0
INFO [10-01|16:16:17] Imported new state entries               count=378 flushed=441 elapsed=4.679ms   processed=10212 pending=6228 retry=6 duplicate=0 unexpected=0
INFO [10-01|16:16:18] Imported new state entries               count=378 flushed=444 elapsed=3.354ms   processed=10590 pending=5881 retry=6 duplicate=0 unexpected=0
INFO [10-01|16:16:18] Imported new state entries               count=378 flushed=431 elapsed=4.105ms   processed=10968 pending=5544 retry=6 duplicate=0 unexpected=0
INFO [10-01|16:16:18] Imported new state entries               count=378 flushed=435 elapsed=3.317ms   processed=11346 pending=5215 retry=6 duplicate=0 unexpected=0
INFO [10-01|16:16:18] Imported new state entries               count=378 flushed=508 elapsed=6.073ms   processed=11724 pending=4832 retry=6 duplicate=0 unexpected=0
INFO [10-01|16:16:18] Imported new state entries               count=378 flushed=411 elapsed=5.067ms   processed=12102 pending=4564 retry=6 duplicate=0 unexpected=0
INFO [10-01|16:16:18] Imported new state entries               count=384 flushed=345 elapsed=7.106ms   processed=12486 pending=4703 retry=0 duplicate=0 unexpected=0
INFO [10-01|16:16:18] Imported new state entries               count=378 flushed=411 elapsed=9.862ms   processed=12864 pending=4606 retry=6 duplicate=0 unexpected=0
INFO [10-01|16:16:18] Imported new state entries               count=377 flushed=464 elapsed=5.213ms   processed=13241 pending=4269 retry=7 duplicate=0 unexpected=0
INFO [10-01|16:16:19] Imported new state entries               count=376 flushed=217 elapsed=11.636ms  processed=13617 pending=5400 retry=8 duplicate=0 unexpected=0
INFO [10-01|16:16:19] Imported new state entries               count=376 flushed=365 elapsed=5.307ms   processed=13993 pending=5220 retry=8 duplicate=0 unexpected=0
INFO [10-01|16:16:19] Imported new state entries               count=376 flushed=393 elapsed=5.742ms   processed=14369 pending=4974 retry=8 duplicate=0 unexpected=0
INFO [10-01|16:16:19] Imported new state entries               count=376 flushed=419 elapsed=5.913ms   processed=14745 pending=4699 retry=8 duplicate=0 unexpected=0
INFO [10-01|16:16:19] Imported new state entries               count=278 flushed=246 elapsed=8.852ms   processed=15023 pending=5023 retry=0 duplicate=0 unexpected=0
INFO [10-01|16:16:19] Imported new state entries               count=376 flushed=401 elapsed=5.459ms   processed=15399 pending=4788 retry=8 duplicate=0 unexpected=0
INFO [10-01|16:16:19] Imported new state entries               count=376 flushed=387 elapsed=4.930ms   processed=15775 pending=4591 retry=8 duplicate=0 unexpected=0
INFO [10-01|16:16:19] Imported new state entries               count=375 flushed=411 elapsed=4.475ms   processed=16150 pending=4347 retry=9 duplicate=0 unexpected=0
INFO [10-01|16:16:20] Imported new state entries               count=375 flushed=409 elapsed=5.654ms   processed=16525 pending=4206 retry=9 duplicate=0 unexpected=0
INFO [10-01|16:16:20] Imported new state entries               count=372 flushed=330 elapsed=9.781ms   processed=16897 pending=4653 retry=12 duplicate=0 unexpected=0
INFO [10-01|16:16:20] Imported new state entries               count=372 flushed=370 elapsed=6.214ms   processed=17269 pending=4448 retry=12 duplicate=0 unexpected=0
INFO [10-01|16:16:20] Imported new state entries               count=372 flushed=402 elapsed=7.200ms   processed=17641 pending=4210 retry=12 duplicate=0 unexpected=0
INFO [10-01|16:16:20] Imported new state entries               count=372 flushed=353 elapsed=7.525ms   processed=18013 pending=4100 retry=12 duplicate=0 unexpected=0
INFO [10-01|16:16:20] Imported new state entries               count=371 flushed=345 elapsed=8.969ms   processed=18384 pending=4611 retry=13 duplicate=0 unexpected=0
INFO [10-01|16:16:21] Imported new state entries               count=371 flushed=329 elapsed=5.930ms   processed=18755 pending=4498 retry=13 duplicate=0 unexpected=0
INFO [10-01|16:16:21] Imported new state entries               count=384 flushed=204 elapsed=13.070ms  processed=19139 pending=5671 retry=0  duplicate=0 unexpected=0
INFO [10-01|16:16:21] Imported new state entries               count=371 flushed=425 elapsed=7.242ms   processed=19510 pending=5395 retry=13 duplicate=0 unexpected=0
INFO [10-01|16:16:21] Imported new state entries               count=371 flushed=319 elapsed=3.997ms   processed=19881 pending=5224 retry=13 duplicate=0 unexpected=0
INFO [10-01|16:16:21] Imported new state entries               count=15  flushed=0   elapsed=753.143µs processed=19896 pending=5296 retry=369 duplicate=0 unexpected=0
INFO [10-01|16:16:21] Imported new state entries               count=371 flushed=450 elapsed=4.034ms   processed=20267 pending=4947 retry=13  duplicate=0 unexpected=0
INFO [10-01|16:16:21] Imported new state entries               count=371 flushed=390 elapsed=3.356ms   processed=20638 pending=4681 retry=13  duplicate=0 unexpected=0
INFO [10-01|16:16:21] Imported new state entries               count=371 flushed=542 elapsed=5.877ms   processed=21009 pending=4257 retry=13  duplicate=0 unexpected=0
INFO [10-01|16:16:21] Imported new state entries               count=371 flushed=427 elapsed=7.046ms   processed=21380 pending=3981 retry=13  duplicate=0 unexpected=0
INFO [10-01|16:16:22] Imported new state entries               count=369 flushed=372 elapsed=7.598ms   processed=21749 pending=4070 retry=15  duplicate=0 unexpected=0
INFO [10-01|16:16:22] Imported new state entries               count=369 flushed=394 elapsed=5.069ms   processed=22118 pending=3848 retry=15  duplicate=0 unexpected=0
INFO [10-01|16:16:22] Imported new state entries               count=368 flushed=295 elapsed=9.304ms   processed=22486 pending=4324 retry=16  duplicate=0 unexpected=0
INFO [10-01|16:16:22] Imported new state entries               count=368 flushed=385 elapsed=6.146ms   processed=22854 pending=4095 retry=16  duplicate=0 unexpected=0
INFO [10-01|16:16:22] Imported new state entries               count=368 flushed=409 elapsed=6.311ms   processed=23222 pending=3842 retry=16  duplicate=0 unexpected=0
INFO [10-01|16:16:22] Imported new state entries               count=368 flushed=373 elapsed=7.202ms   processed=23590 pending=3750 retry=16  duplicate=0 unexpected=0
INFO [10-01|16:16:22] Imported new state entries               count=367 flushed=326 elapsed=10.581ms  processed=23957 pending=4075 retry=17  duplicate=0 unexpected=0
INFO [10-01|16:16:23] Imported new state entries               count=367 flushed=403 elapsed=5.945ms   processed=24324 pending=3816 retry=401 duplicate=0 unexpected=0
INFO [10-01|16:16:23] Imported new state entries               count=384 flushed=365 elapsed=5.551ms   processed=24708 pending=3598 retry=16  duplicate=0 unexpected=0
INFO [10-01|16:16:23] Imported new state entries               count=366 flushed=14  elapsed=18.734ms  processed=25074 pending=5847 retry=18  duplicate=0 unexpected=0
INFO [10-01|16:16:23] Imported new state entries               count=366 flushed=300 elapsed=5.968ms   processed=25440 pending=5714 retry=18  duplicate=0 unexpected=0
INFO [10-01|16:16:23] Imported new state entries               count=366 flushed=362 elapsed=6.146ms   processed=25806 pending=5493 retry=19  duplicate=0 unexpected=0
INFO [10-01|16:16:24] Imported new state entries               count=365 flushed=364 elapsed=5.257ms   processed=26171 pending=5320 retry=19  duplicate=0 unexpected=0
INFO [10-01|16:16:24] Imported new state entries               count=1   flushed=0   elapsed=89.867µs  processed=26172 pending=5321 retry=0   duplicate=0 unexpected=0
INFO [10-01|16:16:24] Imported new state entries               count=365 flushed=374 elapsed=6.272ms   processed=26537 pending=5166 retry=19  duplicate=0 unexpected=0
INFO [10-01|16:16:24] Imported new state entries               count=2   flushed=3   elapsed=162.883µs processed=26539 pending=5165 retry=3   duplicate=0 unexpected=0
INFO [10-01|16:16:24] Imported new state entries               count=365 flushed=383 elapsed=6.396ms   processed=26904 pending=5044 retry=19  duplicate=0 unexpected=0
INFO [10-01|16:16:24] Imported new state entries               count=365 flushed=413 elapsed=6.273ms   processed=27269 pending=4846 retry=19  duplicate=0 unexpected=0
INFO [10-01|16:16:24] Imported new state entries               count=16  flushed=13  elapsed=459.188µs processed=27285 pending=4840 retry=13  duplicate=0 unexpected=0
INFO [10-01|16:16:24] Imported new state entries               count=365 flushed=403 elapsed=5.714ms   processed=27650 pending=4585 retry=19  duplicate=0 unexpected=0
INFO [10-01|16:16:25] Imported new state entries               count=365 flushed=384 elapsed=4.890ms   processed=28015 pending=4365 retry=19  duplicate=0 unexpected=0
INFO [10-01|16:16:25] Imported new state entries               count=365 flushed=367 elapsed=5.530ms   processed=28380 pending=4167 retry=19  duplicate=0 unexpected=0
INFO [10-01|16:16:25] Imported new state entries               count=365 flushed=400 elapsed=7.249ms   processed=28745 pending=3955 retry=19  duplicate=0 unexpected=0
INFO [10-01|16:16:25] Imported new state entries               count=289 flushed=245 elapsed=11.860ms  processed=29034 pending=5008 retry=95  duplicate=0 unexpected=0
INFO [10-01|16:16:25] Imported new state entries               count=289 flushed=291 elapsed=5.653ms   processed=29323 pending=4928 retry=95  duplicate=0 unexpected=0
INFO [10-01|16:16:25] Imported new state entries               count=289 flushed=284 elapsed=6.020ms   processed=29612 pending=5020 retry=95  duplicate=0 unexpected=0
INFO [10-01|16:16:25] Imported new state entries               count=289 flushed=328 elapsed=3.943ms   processed=29901 pending=4791 retry=95  duplicate=0 unexpected=0
INFO [10-01|16:16:25] Imported new state entries               count=62  flushed=54  elapsed=1.694ms   processed=29963 pending=4769 retry=41  duplicate=0 unexpected=0
INFO [10-01|16:16:25] Imported new state entries               count=289 flushed=220 elapsed=9.145ms   processed=30252 pending=5280 retry=95  duplicate=0 unexpected=0
INFO [10-01|16:16:26] Imported new state entries               count=289 flushed=283 elapsed=4.438ms   processed=30541 pending=5146 retry=95  duplicate=0 unexpected=0
INFO [10-01|16:16:26] Imported new state entries               count=289 flushed=283 elapsed=4.442ms   processed=30830 pending=5014 retry=95  duplicate=0 unexpected=0
INFO [10-01|16:16:26] Imported new state entries               count=289 flushed=329 elapsed=5.068ms   processed=31119 pending=4905 retry=95  duplicate=0 unexpected=0
INFO [10-01|16:16:26] Imported new state entries               count=289 flushed=264 elapsed=9.191ms   processed=31408 pending=5251 retry=95  duplicate=0 unexpected=0
INFO [10-01|16:16:26] Imported new state entries               count=289 flushed=101 elapsed=20.151ms  processed=31697 pending=7506 retry=95  duplicate=0 unexpected=0
INFO [10-01|16:16:26] Imported new state entries               count=289 flushed=46  elapsed=18.731ms  processed=31986 pending=10144 retry=95  duplicate=0 unexpected=0
INFO [10-01|16:16:27] Imported new state entries               count=289 flushed=172 elapsed=4.482ms   processed=32275 pending=10234 retry=95  duplicate=0 unexpected=0
INFO [10-01|16:16:27] Imported new state entries               count=289 flushed=379 elapsed=4.739ms   processed=32564 pending=9911  retry=95  duplicate=0 unexpected=0
INFO [10-01|16:16:27] Imported new state entries               count=289 flushed=257 elapsed=4.337ms   processed=32853 pending=9838  retry=95  duplicate=0 unexpected=0
INFO [10-01|16:16:27] Imported new state entries               count=289 flushed=314 elapsed=4.054ms   processed=33142 pending=9662  retry=95  duplicate=0 unexpected=0
INFO [10-01|16:16:27] Imported new state entries               count=289 flushed=295 elapsed=3.811ms   processed=33431 pending=9514  retry=95  duplicate=0 unexpected=0
INFO [10-01|16:16:27] Imported new state entries               count=39  flushed=29  elapsed=1.614ms   processed=33470 pending=9533  retry=113 duplicate=0 unexpected=0
INFO [10-01|16:16:28] Imported new state entries               count=289 flushed=272 elapsed=4.267ms   processed=33759 pending=9452  retry=95  duplicate=0 unexpected=0
INFO [10-01|16:16:28] Imported new state entries               count=289 flushed=333 elapsed=4.131ms   processed=34048 pending=9241  retry=95  duplicate=0 unexpected=0
INFO [10-01|16:16:28] Imported new state entries               count=289 flushed=289 elapsed=3.555ms   processed=34337 pending=9127  retry=95  duplicate=0 unexpected=0
INFO [10-01|16:16:28] Imported new state entries               count=289 flushed=306 elapsed=4.058ms   processed=34626 pending=8987  retry=95  duplicate=0 unexpected=0
INFO [10-01|16:16:29] Imported new state entries               count=289 flushed=311 elapsed=3.175ms   processed=34915 pending=8803  retry=95  duplicate=0 unexpected=0
INFO [10-01|16:16:29] Imported new state entries               count=50  flushed=28  elapsed=1.206ms   processed=34965 pending=8825  retry=113 duplicate=0 unexpected=0
INFO [10-01|16:16:29] Imported new state entries               count=289 flushed=275 elapsed=4.914ms   processed=35254 pending=8734  retry=95  duplicate=0 unexpected=0
INFO [10-01|16:16:29] Imported new state entries               count=289 flushed=330 elapsed=3.884ms   processed=35543 pending=8515  retry=95  duplicate=0 unexpected=0
INFO [10-01|16:16:29] Imported new state entries               count=289 flushed=265 elapsed=4.250ms   processed=35832 pending=8474  retry=95  duplicate=0 unexpected=0
INFO [10-01|16:16:29] Imported new state entries               count=289 flushed=347 elapsed=2.947ms   processed=36121 pending=8212  retry=95  duplicate=0 unexpected=0
INFO [10-01|16:16:29] Imported new state entries               count=289 flushed=240 elapsed=4.135ms   processed=36410 pending=8188  retry=95  duplicate=0 unexpected=0
INFO [10-01|16:16:29] Imported new state entries               count=289 flushed=356 elapsed=3.598ms   processed=36699 pending=7925  retry=95  duplicate=0 unexpected=0
INFO [10-01|16:16:29] Imported new state entries               count=289 flushed=258 elapsed=4.307ms   processed=36988 pending=7867  retry=95  duplicate=0 unexpected=0
INFO [10-01|16:16:29] Imported new state entries               count=289 flushed=365 elapsed=7.764ms   processed=37277 pending=7576  retry=95  duplicate=0 unexpected=0
INFO [10-01|16:16:29] Imported new state entries               count=289 flushed=177 elapsed=13.744ms  processed=37566 pending=8821  retry=95  duplicate=0 unexpected=0
INFO [10-01|16:16:29] Imported new state entries               count=289 flushed=250 elapsed=3.534ms   processed=37855 pending=8776  retry=95  duplicate=0 unexpected=0
INFO [10-01|16:16:29] Imported new state entries               count=289 flushed=330 elapsed=3.869ms   processed=38144 pending=8552  retry=95  duplicate=0 unexpected=0
INFO [10-01|16:16:30] Imported new state entries               count=289 flushed=273 elapsed=3.646ms   processed=38433 pending=8472  retry=95  duplicate=0 unexpected=0
INFO [10-01|16:16:30] Imported new state entries               count=289 flushed=333 elapsed=3.753ms   processed=38722 pending=8247  retry=95  duplicate=0 unexpected=0
INFO [10-01|16:16:30] Imported new state entries               count=289 flushed=278 elapsed=3.165ms   processed=39011 pending=8134  retry=95  duplicate=0 unexpected=0
INFO [10-01|16:16:30] Imported new state entries               count=289 flushed=307 elapsed=3.792ms   processed=39300 pending=7963  retry=95  duplicate=0 unexpected=0
INFO [10-01|16:16:30] Imported new state entries               count=88  flushed=102 elapsed=1.597ms   processed=39388 pending=7910  retry=113 duplicate=0 unexpected=0
INFO [10-01|16:16:30] Imported new state entries               count=289 flushed=274 elapsed=3.644ms   processed=39677 pending=7820  retry=95  duplicate=0 unexpected=0
INFO [10-01|16:16:30] Imported new state entries               count=289 flushed=332 elapsed=4.134ms   processed=39966 pending=7619  retry=95  duplicate=0 unexpected=0
INFO [10-01|16:16:30] Imported new state entries               count=289 flushed=247 elapsed=6.907ms   processed=40255 pending=8149  retry=95  duplicate=0 unexpected=0
INFO [10-01|16:16:30] Imported new state entries               count=289 flushed=258 elapsed=5.800ms   processed=40544 pending=8117  retry=95  duplicate=0 unexpected=0
INFO [10-01|16:16:30] Imported new state entries               count=289 flushed=358 elapsed=3.737ms   processed=40833 pending=7837  retry=95  duplicate=0 unexpected=0
INFO [10-01|16:16:30] Imported new state entries               count=289 flushed=236 elapsed=4.404ms   processed=41122 pending=7841  retry=95  duplicate=0 unexpected=0
INFO [10-01|16:16:30] Imported new state entries               count=289 flushed=364 elapsed=4.870ms   processed=41411 pending=7556  retry=95  duplicate=0 unexpected=0
INFO [10-01|16:16:30] Imported new state entries               count=289 flushed=235 elapsed=7.288ms   processed=41700 pending=7923  retry=95  duplicate=0 unexpected=0
INFO [10-01|16:16:31] Imported new state entries               count=289 flushed=302 elapsed=3.987ms   processed=41989 pending=7759  retry=95  duplicate=0 unexpected=0
INFO [10-01|16:16:31] Imported new state entries               count=289 flushed=303 elapsed=4.220ms   processed=42278 pending=7601  retry=95  duplicate=0 unexpected=0
INFO [10-01|16:16:31] Imported new state entries               count=289 flushed=311 elapsed=3.210ms   processed=42567 pending=7426  retry=95  duplicate=0 unexpected=0
INFO [10-01|16:16:31] Imported new state entries               count=289 flushed=223 elapsed=12.548ms  processed=42856 pending=8483  retry=95  duplicate=0 unexpected=0
INFO [10-01|16:16:31] Imported new state entries               count=384 flushed=549 elapsed=8.101ms   processed=43240 pending=8139  retry=0   duplicate=0 unexpected=0
INFO [10-01|16:16:31] Imported new state entries               count=289 flushed=190 elapsed=4.935ms   processed=43529 pending=8222  retry=95  duplicate=0 unexpected=0
INFO [10-01|16:16:31] Imported new state entries               count=289 flushed=397 elapsed=2.955ms   processed=43818 pending=7862  retry=95  duplicate=0 unexpected=0
INFO [10-01|16:16:31] Imported new state entries               count=289 flushed=188 elapsed=6.813ms   processed=44107 pending=8225  retry=95  duplicate=0 unexpected=0
INFO [10-01|16:16:31] Imported new state entries               count=289 flushed=378 elapsed=4.563ms   processed=44396 pending=7918  retry=95  duplicate=0 unexpected=0
INFO [10-01|16:16:31] Imported new state entries               count=289 flushed=246 elapsed=4.569ms   processed=44685 pending=7875  retry=95  duplicate=0 unexpected=0
INFO [10-01|16:16:31] Imported new state entries               count=304 flushed=295 elapsed=5.592ms   processed=44989 pending=7726  retry=0   duplicate=0 unexpected=0
INFO [10-01|16:16:31] Imported new state entries               count=289 flushed=327 elapsed=6.852ms   processed=45278 pending=7836  retry=95  duplicate=0 unexpected=0
INFO [10-01|16:16:31] Imported new state entries               count=289 flushed=214 elapsed=4.906ms   processed=45567 pending=7865  retry=95  duplicate=0 unexpected=0
INFO [10-01|16:16:31] Imported new state entries               count=289 flushed=388 elapsed=3.356ms   processed=45856 pending=7538  retry=95  duplicate=0 unexpected=0
INFO [10-01|16:16:32] Imported new state entries               count=289 flushed=161 elapsed=11.054ms  processed=46145 pending=8686  retry=95  duplicate=0 unexpected=0
INFO [10-01|16:16:32] Imported new state entries               count=289 flushed=263 elapsed=3.634ms   processed=46434 pending=8607  retry=95  duplicate=0 unexpected=0
INFO [10-01|16:16:32] Imported new state entries               count=289 flushed=337 elapsed=3.341ms   processed=46723 pending=8371  retry=95  duplicate=0 unexpected=0
INFO [10-01|16:16:32] Imported new state entries               count=289 flushed=274 elapsed=3.646ms   processed=47012 pending=8278  retry=95  duplicate=0 unexpected=0
INFO [10-01|16:16:32] Imported new state entries               count=289 flushed=327 elapsed=3.438ms   processed=47301 pending=8080  retry=95  duplicate=0 unexpected=0
INFO [10-01|16:16:32] Imported new state entries               count=289 flushed=279 elapsed=4.401ms   processed=47590 pending=7969  retry=95  duplicate=0 unexpected=0
INFO [10-01|16:16:32] Imported new state entries               count=289 flushed=305 elapsed=3.843ms   processed=47879 pending=7806  retry=95  duplicate=0 unexpected=0
INFO [10-01|16:16:32] Imported new state entries               count=289 flushed=298 elapsed=4.520ms   processed=48168 pending=7681  retry=95  duplicate=0 unexpected=0
INFO [10-01|16:16:32] Imported new state entries               count=289 flushed=316 elapsed=4.459ms   processed=48457 pending=7512  retry=95  duplicate=0 unexpected=0
INFO [10-01|16:16:32] Imported new state entries               count=289 flushed=274 elapsed=8.902ms   processed=48746 pending=7928  retry=95  duplicate=0 unexpected=0
INFO [10-01|16:16:32] Imported new state entries               count=289 flushed=248 elapsed=4.434ms   processed=49035 pending=7891  retry=95  duplicate=0 unexpected=0
INFO [10-01|16:16:33] Imported new state entries               count=384 flushed=239 elapsed=4.895ms   processed=49419 pending=8023  retry=0   duplicate=0 unexpected=0
INFO [10-01|16:16:33] Imported new state entries               count=289 flushed=346 elapsed=3.741ms   processed=49708 pending=7780  retry=95  duplicate=0 unexpected=0
INFO [10-01|16:16:33] Imported new state entries               count=289 flushed=267 elapsed=4.246ms   processed=49997 pending=7686  retry=95  duplicate=0 unexpected=0
INFO [10-01|16:16:33] Imported new state entries               count=289 flushed=322 elapsed=3.400ms   processed=50286 pending=7489  retry=95  duplicate=0 unexpected=0
INFO [10-01|16:16:33] Imported new state entries               count=289 flushed=196 elapsed=15.038ms  processed=50575 pending=8850  retry=95  duplicate=0 unexpected=0
INFO [10-01|16:16:33] Imported new state entries               count=289 flushed=187 elapsed=5.377ms   processed=50864 pending=8955  retry=95  duplicate=0 unexpected=0
INFO [10-01|16:16:33] Imported new state entries               count=289 flushed=383 elapsed=2.865ms   processed=51153 pending=8614  retry=95  duplicate=0 unexpected=0
INFO [10-01|16:16:33] Imported new state entries               count=289 flushed=252 elapsed=4.601ms   processed=51442 pending=8585  retry=95  duplicate=0 unexpected=0
INFO [10-01|16:16:33] Imported new state entries               count=289 flushed=350 elapsed=3.748ms   processed=51731 pending=8321  retry=95  duplicate=0 unexpected=0
INFO [10-01|16:16:33] Imported new state entries               count=289 flushed=236 elapsed=4.584ms   processed=52020 pending=8311  retry=95  duplicate=0 unexpected=0
INFO [10-01|16:16:34] Imported new state entries               count=289 flushed=363 elapsed=3.348ms   processed=52309 pending=8034  retry=95  duplicate=0 unexpected=0
INFO [10-01|16:16:34] Imported new state entries               count=384 flushed=543 elapsed=6.528ms   processed=52693 pending=7536  retry=0   duplicate=0 unexpected=0
INFO [10-01|16:16:34] Imported new state entries               count=289 flushed=250 elapsed=4.416ms   processed=52982 pending=7488  retry=95  duplicate=0 unexpected=0
INFO [10-01|16:16:34] Imported new state entries               count=289 flushed=352 elapsed=3.159ms   processed=53271 pending=7234  retry=95  duplicate=0 unexpected=0
INFO [10-01|16:16:34] Imported new state entries               count=289 flushed=208 elapsed=12.043ms  processed=53560 pending=8302  retry=95  duplicate=0 unexpected=0
INFO [10-01|16:16:34] Imported new state entries               count=289 flushed=227 elapsed=4.158ms   processed=53849 pending=8299  retry=95  duplicate=0 unexpected=0
INFO [10-01|16:16:34] Imported new state entries               count=289 flushed=346 elapsed=4.054ms   processed=54138 pending=8049  retry=95  duplicate=0 unexpected=0
INFO [10-01|16:16:34] Imported new state entries               count=289 flushed=259 elapsed=5.054ms   processed=54427 pending=8006  retry=95  duplicate=0 unexpected=0
INFO [10-01|16:16:34] Imported new state entries               count=289 flushed=354 elapsed=4.859ms   processed=54716 pending=7738  retry=95  duplicate=0 unexpected=0
INFO [10-01|16:16:34] Imported new state entries               count=289 flushed=253 elapsed=4.857ms   processed=55005 pending=7692  retry=95  duplicate=0 unexpected=0
INFO [10-01|16:16:35] Imported new state entries               count=289 flushed=365 elapsed=3.798ms   processed=55294 pending=7400  retry=95  duplicate=0 unexpected=0
INFO [10-01|16:16:35] Imported new state entries               count=289 flushed=239 elapsed=4.311ms   processed=55583 pending=7377  retry=95  duplicate=0 unexpected=0
INFO [10-01|16:16:35] Imported new state entries               count=167 flushed=151 elapsed=3.687ms   processed=55750 pending=7350  retry=113 duplicate=0 unexpected=0
INFO [10-01|16:16:35] Imported new state entries               count=289 flushed=354 elapsed=4.268ms   processed=56039 pending=7090  retry=95  duplicate=0 unexpected=0
INFO [10-01|16:16:35] Imported new state entries               count=289 flushed=179 elapsed=21.259ms  processed=56328 pending=8554  retry=95  duplicate=0 unexpected=0
INFO [10-01|16:16:35] Imported new state entries               count=289 flushed=188 elapsed=5.462ms   processed=56617 pending=8645  retry=95  duplicate=0 unexpected=0
INFO [10-01|16:16:35] Imported new state entries               count=384 flushed=301 elapsed=5.386ms   processed=57001 pending=8666  retry=0   duplicate=0 unexpected=0
INFO [10-01|16:16:35] Imported new state entries               count=289 flushed=394 elapsed=3.496ms   processed=57290 pending=8306  retry=95  duplicate=0 unexpected=0
INFO [10-01|16:16:35] Imported new state entries               count=289 flushed=219 elapsed=5.462ms   processed=57579 pending=8340  retry=95  duplicate=0 unexpected=0
INFO [10-01|16:16:36] Imported new state entries               count=289 flushed=367 elapsed=4.112ms   processed=57868 pending=8054  retry=95  duplicate=0 unexpected=0
INFO [10-01|16:16:36] Imported new state entries               count=289 flushed=245 elapsed=4.903ms   processed=58157 pending=8024  retry=95  duplicate=0 unexpected=0
INFO [10-01|16:16:36] Imported new state entries               count=289 flushed=356 elapsed=4.040ms   processed=58446 pending=7760  retry=95  duplicate=0 unexpected=0
INFO [10-01|16:16:36] Imported new state entries               count=289 flushed=258 elapsed=4.332ms   processed=58735 pending=7701  retry=95  duplicate=0 unexpected=0
INFO [10-01|16:16:36] Imported new state entries               count=289 flushed=326 elapsed=4.571ms   processed=59024 pending=7492  retry=95  duplicate=0 unexpected=0
INFO [10-01|16:16:36] Imported new state entries               count=289 flushed=294 elapsed=3.096ms   processed=59313 pending=7371  retry=95  duplicate=0 unexpected=0
INFO [10-01|16:16:36] Imported new state entries               count=289 flushed=322 elapsed=3.486ms   processed=59602 pending=7169  retry=95  duplicate=0 unexpected=0
INFO [10-01|16:16:36] Imported new state entries               count=289 flushed=256 elapsed=5.930ms   processed=59891 pending=7424  retry=95  duplicate=0 unexpected=0
INFO [10-01|16:16:36] Imported new state entries               count=289 flushed=308 elapsed=4.638ms   processed=60180 pending=7255  retry=95  duplicate=0 unexpected=0
INFO [10-01|16:16:36] Imported new state entries               count=384 flushed=509 elapsed=4.305ms   processed=60564 pending=6824  retry=0   duplicate=0 unexpected=0
INFO [10-01|16:16:36] Imported new state entries               count=289 flushed=304 elapsed=3.188ms   processed=60853 pending=6648  retry=95  duplicate=0 unexpected=0
INFO [10-01|16:16:36] Imported new state entries               count=289 flushed=214 elapsed=13.751ms  processed=61142 pending=7914  retry=95  duplicate=0 unexpected=0
INFO [10-01|16:16:37] Imported new state entries               count=289 flushed=183 elapsed=5.132ms   processed=61431 pending=8017  retry=95  duplicate=0 unexpected=0
INFO [10-01|16:16:37] Imported new state entries               count=289 flushed=380 elapsed=3.588ms   processed=61720 pending=7681  retry=95  duplicate=0 unexpected=0
INFO [10-01|16:16:37] Imported new state entries               count=289 flushed=229 elapsed=4.828ms   processed=62009 pending=7696  retry=95  duplicate=0 unexpected=0
INFO [10-01|16:16:37] Imported new state entries               count=289 flushed=353 elapsed=3.746ms   processed=62298 pending=7431  retry=95  duplicate=0 unexpected=0
INFO [10-01|16:16:37] Imported new state entries               count=289 flushed=275 elapsed=4.745ms   processed=62587 pending=7354  retry=95  duplicate=0 unexpected=0
INFO [10-01|16:16:37] Imported new state entries               count=289 flushed=328 elapsed=2.940ms   processed=62876 pending=7144  retry=95  duplicate=0 unexpected=0
INFO [10-01|16:16:37] Imported new state entries               count=289 flushed=288 elapsed=4.399ms   processed=63165 pending=7027  retry=95  duplicate=0 unexpected=0
INFO [10-01|16:16:37] Imported new state entries               count=289 flushed=272 elapsed=10.614ms  processed=63454 pending=7474  retry=95  duplicate=0 unexpected=0
INFO [10-01|16:16:37] Imported new state entries               count=289 flushed=244 elapsed=4.844ms   processed=63743 pending=7444  retry=95  duplicate=0 unexpected=0
INFO [10-01|16:16:37] Imported new state entries               count=289 flushed=328 elapsed=4.335ms   processed=64032 pending=7217  retry=95  duplicate=0 unexpected=0
INFO [10-01|16:16:37] Imported new state entries               count=289 flushed=290 elapsed=4.813ms   processed=64321 pending=7095  retry=95  duplicate=0 unexpected=0
INFO [10-01|16:16:37] Imported new state entries               count=289 flushed=298 elapsed=3.926ms   processed=64610 pending=6955  retry=95  duplicate=0 unexpected=0
INFO [10-01|16:16:38] Imported new state entries               count=289 flushed=286 elapsed=9.122ms   processed=64899 pending=7430  retry=95  duplicate=0 unexpected=0
INFO [10-01|16:16:38] Imported new state entries               count=289 flushed=207 elapsed=5.103ms   processed=65188 pending=7484  retry=95  duplicate=0 unexpected=0
INFO [10-01|16:16:38] Imported new state entries               count=289 flushed=381 elapsed=3.279ms   processed=65477 pending=7149  retry=95  duplicate=0 unexpected=0
INFO [10-01|16:16:38] Imported new state entries               count=289 flushed=252 elapsed=4.380ms   processed=65766 pending=7096  retry=95  duplicate=0 unexpected=0
INFO [10-01|16:16:38] Imported new state entries               count=289 flushed=342 elapsed=4.222ms   processed=66055 pending=6856  retry=95  duplicate=0 unexpected=0
INFO [10-01|16:16:38] Imported new state entries               count=289 flushed=237 elapsed=9.440ms   processed=66344 pending=7418  retry=95  duplicate=0 unexpected=0
INFO [10-01|16:16:38] Imported new state entries               count=289 flushed=265 elapsed=6.483ms   processed=66633 pending=7349  retry=479 duplicate=0 unexpected=0
INFO [10-01|16:16:38] Imported new state entries               count=306 flushed=186 elapsed=4.896ms   processed=66939 pending=7446  retry=171 duplicate=0 unexpected=0
INFO [10-01|16:16:38] Imported new state entries               count=291 flushed=365 elapsed=3.888ms   processed=67230 pending=7173  retry=95  duplicate=0 unexpected=0
INFO [10-01|16:16:38] Imported new state entries               count=289 flushed=424 elapsed=3.799ms   processed=67519 pending=6779  retry=95  duplicate=0 unexpected=0
INFO [10-01|16:16:38] Imported new state entries               count=289 flushed=275 elapsed=4.766ms   processed=67808 pending=6705  retry=95  duplicate=0 unexpected=0
INFO [10-01|16:16:39] Imported new state entries               count=289 flushed=341 elapsed=3.384ms   processed=68097 pending=6467  retry=97  duplicate=0 unexpected=0
INFO [10-01|16:16:39] Imported new state entries               count=289 flushed=255 elapsed=4.839ms   processed=68386 pending=6422  retry=95  duplicate=0 unexpected=0
INFO [10-01|16:16:39] Imported new state entries               count=289 flushed=336 elapsed=5.982ms   processed=68675 pending=6460  retry=97  duplicate=0 unexpected=0
INFO [10-01|16:16:39] Imported new state entries               count=289 flushed=262 elapsed=4.790ms   processed=68964 pending=6397  retry=95  duplicate=0 unexpected=0
INFO [10-01|16:16:39] Imported new state entries               count=289 flushed=333 elapsed=4.706ms   processed=69253 pending=6374  retry=97  duplicate=0 unexpected=0
INFO [10-01|16:16:39] Imported new state entries               count=289 flushed=212 elapsed=7.981ms   processed=69542 pending=6793  retry=95  duplicate=0 unexpected=0
INFO [10-01|16:16:39] Imported new state entries               count=289 flushed=321 elapsed=4.104ms   processed=69831 pending=6593  retry=95  duplicate=0 unexpected=0
INFO [10-01|16:16:39] Imported new state entries               count=289 flushed=285 elapsed=4.503ms   processed=70120 pending=6476  retry=97  duplicate=0 unexpected=0
INFO [10-01|16:16:39] Imported new state entries               count=289 flushed=301 elapsed=3.687ms   processed=70409 pending=6341  retry=95  duplicate=0 unexpected=0
INFO [10-01|16:16:39] Imported new state entries               count=384 flushed=214 elapsed=16.500ms  processed=70793 pending=8373  retry=0   duplicate=0 unexpected=0
INFO [10-01|16:16:39] Imported new state entries               count=289 flushed=273 elapsed=8.211ms   processed=71082 pending=8819  retry=95  duplicate=0 unexpected=0
INFO [10-01|16:16:39] Imported new state entries               count=289 flushed=251 elapsed=4.842ms   processed=71371 pending=8788  retry=95  duplicate=0 unexpected=0
INFO [10-01|16:16:39] Imported new state entries               count=289 flushed=344 elapsed=3.936ms   processed=71660 pending=8528  retry=97  duplicate=0 unexpected=0
INFO [10-01|16:16:39] Imported new state entries               count=289 flushed=243 elapsed=4.050ms   processed=71949 pending=8516  retry=95  duplicate=0 unexpected=0
INFO [10-01|16:16:40] Imported new state entries               count=289 flushed=348 elapsed=4.316ms   processed=72238 pending=8254  retry=97  duplicate=0 unexpected=0
INFO [10-01|16:16:40] Imported new state entries               count=289 flushed=255 elapsed=4.610ms   processed=72527 pending=8203  retry=95  duplicate=0 unexpected=0
INFO [10-01|16:16:40] Imported new state entries               count=185 flushed=208 elapsed=3.258ms   processed=72712 pending=8085  retry=113 duplicate=0 unexpected=0
INFO [10-01|16:16:40] Imported new state entries               count=289 flushed=331 elapsed=4.324ms   processed=73001 pending=7865  retry=95  duplicate=0 unexpected=0
INFO [10-01|16:16:40] Imported new state entries               count=289 flushed=273 elapsed=4.784ms   processed=73290 pending=7802  retry=97  duplicate=0 unexpected=0
INFO [10-01|16:16:40] Imported new state entries               count=259 flushed=53  elapsed=20.467ms  processed=73549 pending=10130 retry=0   duplicate=0 unexpected=0
INFO [10-01|16:16:40] Imported new state entries               count=289 flushed=348 elapsed=2.805ms   processed=73838 pending=9868  retry=95  duplicate=0 unexpected=0
INFO [10-01|16:16:40] Imported new state entries               count=289 flushed=251 elapsed=3.865ms   processed=74127 pending=9824  retry=97  duplicate=0 unexpected=0
INFO [10-01|16:16:40] Imported new state entries               count=289 flushed=335 elapsed=4.153ms   processed=74416 pending=9585  retry=95  duplicate=0 unexpected=0
INFO [10-01|16:16:40] Imported new state entries               count=289 flushed=252 elapsed=4.848ms   processed=74705 pending=9539  retry=95  duplicate=0 unexpected=0
INFO [10-01|16:16:40] Imported new state entries               count=289 flushed=347 elapsed=4.311ms   processed=74994 pending=9281  retry=97  duplicate=0 unexpected=0
INFO [10-01|16:16:40] Imported new state entries               count=289 flushed=248 elapsed=4.708ms   processed=75283 pending=9232  retry=95  duplicate=0 unexpected=0
INFO [10-01|16:16:40] Imported new state entries               count=289 flushed=316 elapsed=4.162ms   processed=75572 pending=9027  retry=97  duplicate=0 unexpected=0
INFO [10-01|16:16:41] Imported new state entries               count=289 flushed=266 elapsed=4.305ms   processed=75861 pending=8984  retry=95  duplicate=0 unexpected=0
INFO [10-01|16:16:41] Imported new state entries               count=289 flushed=339 elapsed=4.090ms   processed=76150 pending=8741  retry=97  duplicate=0 unexpected=0
INFO [10-01|16:16:41] Imported new state entries               count=289 flushed=262 elapsed=8.184ms   processed=76439 pending=8645  retry=95  duplicate=0 unexpected=0
INFO [10-01|16:16:41] Imported new state entries               count=289 flushed=331 elapsed=4.237ms   processed=76728 pending=8427  retry=95  duplicate=0 unexpected=0
INFO [10-01|16:16:41] Imported new state entries               count=289 flushed=265 elapsed=4.654ms   processed=77017 pending=8356  retry=97  duplicate=0 unexpected=0
INFO [10-01|16:16:41] Imported new state entries               count=384 flushed=316 elapsed=5.063ms   processed=77401 pending=8315  retry=0   duplicate=0 unexpected=0
INFO [10-01|16:16:41] Imported new state entries               count=289 flushed=337 elapsed=2.785ms   processed=77690 pending=8080  retry=95  duplicate=0 unexpected=0
INFO [10-01|16:16:41] Imported new state entries               count=289 flushed=259 elapsed=5.033ms   processed=77979 pending=8053  retry=95  duplicate=0 unexpected=0
INFO [10-01|16:16:41] Imported new state entries               count=289 flushed=346 elapsed=3.156ms   processed=78268 pending=7795  retry=97  duplicate=0 unexpected=0
INFO [10-01|16:16:41] Imported new state entries               count=289 flushed=262 elapsed=3.814ms   processed=78557 pending=7713  retry=95  duplicate=0 unexpected=0
INFO [10-01|16:16:41] Imported new state entries               count=289 flushed=335 elapsed=4.896ms   processed=78846 pending=7514  retry=95  duplicate=0 unexpected=0
INFO [10-01|16:16:41] Imported new state entries               count=289 flushed=315 elapsed=5.096ms   processed=79135 pending=7332  retry=97  duplicate=0 unexpected=0
INFO [10-01|16:16:41] Imported new state entries               count=289 flushed=294 elapsed=3.556ms   processed=79424 pending=7186  retry=95  duplicate=0 unexpected=0
INFO [10-01|16:16:41] Imported new state entries               count=289 flushed=307 elapsed=5.080ms   processed=79713 pending=7065  retry=97  duplicate=0 unexpected=0
INFO [10-01|16:16:42] Imported new state entries               count=289 flushed=356 elapsed=3.430ms   processed=80002 pending=6796  retry=95  duplicate=0 unexpected=0
INFO [10-01|16:16:42] Imported new state entries               count=289 flushed=264 elapsed=6.078ms   processed=80291 pending=6860  retry=95  duplicate=0 unexpected=0
INFO [10-01|16:16:42] Imported new state entries               count=289 flushed=340 elapsed=4.218ms   processed=80580 pending=6638  retry=97  duplicate=0 unexpected=0
INFO [10-01|16:16:42] Imported new state entries               count=289 flushed=221 elapsed=14.169ms  processed=80869 pending=7701  retry=95  duplicate=0 unexpected=0
INFO [10-01|16:16:42] Imported new state entries               count=289 flushed=221 elapsed=6.761ms   processed=81158 pending=7721  retry=95  duplicate=0 unexpected=0
INFO [10-01|16:16:42] Imported new state entries               count=289 flushed=356 elapsed=4.029ms   processed=81447 pending=7438  retry=97  duplicate=0 unexpected=0
INFO [10-01|16:16:42] Imported new state entries               count=289 flushed=255 elapsed=4.311ms   processed=81736 pending=7421  retry=95  duplicate=0 unexpected=0
INFO [10-01|16:16:42] Imported new state entries               count=384 flushed=500 elapsed=4.704ms   processed=82120 pending=7039  retry=0   duplicate=0 unexpected=0
INFO [10-01|16:16:42] Imported new state entries               count=289 flushed=350 elapsed=3.464ms   processed=82409 pending=6785  retry=95  duplicate=0 unexpected=0
INFO [10-01|16:16:42] Imported new state entries               count=289 flushed=269 elapsed=4.266ms   processed=82698 pending=6690  retry=97  duplicate=0 unexpected=0
INFO [10-01|16:16:42] Imported new state entries               count=289 flushed=300 elapsed=4.296ms   processed=82987 pending=6530  retry=95  duplicate=0 unexpected=0
INFO [10-01|16:16:42] Imported new state entries               count=289 flushed=271 elapsed=6.914ms   processed=83276 pending=6798  retry=97  duplicate=0 unexpected=0
INFO [10-01|16:16:43] Imported new state entries               count=289 flushed=296 elapsed=3.816ms   processed=83565 pending=6650  retry=95  duplicate=0 unexpected=0
INFO [10-01|16:16:43] Imported new state entries               count=289 flushed=290 elapsed=4.167ms   processed=83854 pending=6520  retry=95  duplicate=0 unexpected=0
INFO [10-01|16:16:43] Imported new state entries               count=289 flushed=307 elapsed=8.014ms   processed=84143 pending=6512  retry=97  duplicate=0 unexpected=0
INFO [10-01|16:16:43] Imported new state entries               count=289 flushed=273 elapsed=4.229ms   processed=84432 pending=6438  retry=95  duplicate=0 unexpected=0
INFO [10-01|16:16:43] Imported new state entries               count=289 flushed=292 elapsed=10.203ms  processed=84721 pending=6979  retry=97  duplicate=0 unexpected=0
INFO [10-01|16:16:43] Imported new state entries               count=289 flushed=214 elapsed=4.982ms   processed=85010 pending=7006  retry=95  duplicate=0 unexpected=0
INFO [10-01|16:16:43] Imported new state entries               count=384 flushed=357 elapsed=6.267ms   processed=85394 pending=6929  retry=2   duplicate=0 unexpected=0
INFO [10-01|16:16:43] Imported new state entries               count=289 flushed=366 elapsed=3.266ms   processed=85683 pending=6641  retry=95  duplicate=0 unexpected=0
INFO [10-01|16:16:43] Imported new state entries               count=289 flushed=246 elapsed=4.017ms   processed=85972 pending=6610  retry=95  duplicate=0 unexpected=0
INFO [10-01|16:16:43] Imported new state entries               count=289 flushed=343 elapsed=3.621ms   processed=86261 pending=6359  retry=97  duplicate=0 unexpected=0
INFO [10-01|16:16:43] Imported new state entries               count=145 flushed=206 elapsed=2.116ms   processed=86406 pending=6210  retry=113 duplicate=0 unexpected=0
INFO [10-01|16:16:43] Imported new state entries               count=289 flushed=220 elapsed=10.130ms  processed=86695 pending=6937  retry=95  duplicate=0 unexpected=0
INFO [10-01|16:16:43] Imported new state entries               count=289 flushed=250 elapsed=4.826ms   processed=86984 pending=6904  retry=95  duplicate=0 unexpected=0
INFO [10-01|16:16:43] Imported new state entries               count=289 flushed=351 elapsed=5.127ms   processed=87273 pending=6652  retry=97  duplicate=0 unexpected=0
INFO [10-01|16:16:43] Imported new state entries               count=289 flushed=267 elapsed=5.145ms   processed=87562 pending=6589  retry=95  duplicate=0 unexpected=0
INFO [10-01|16:16:44] Imported new state entries               count=289 flushed=324 elapsed=4.272ms   processed=87851 pending=6387  retry=95  duplicate=0 unexpected=0
INFO [10-01|16:16:44] Imported new state entries               count=289 flushed=278 elapsed=4.219ms   processed=88140 pending=6286  retry=97  duplicate=0 unexpected=0
INFO [10-01|16:16:44] Imported new state entries               count=289 flushed=330 elapsed=3.941ms   processed=88429 pending=6062  retry=97  duplicate=0 unexpected=0
INFO [10-01|16:16:44] Imported new state entries               count=289 flushed=240 elapsed=11.859ms  processed=88718 pending=6933  retry=95  duplicate=0 unexpected=0
INFO [10-01|16:16:44] Imported new state entries               count=289 flushed=99  elapsed=20.194ms  processed=89007 pending=9146  retry=97  duplicate=0 unexpected=0
INFO [10-01|16:16:44] Imported new state entries               count=289 flushed=177 elapsed=3.807ms   processed=89296 pending=9251  retry=95  duplicate=0 unexpected=0
INFO [10-01|16:16:44] Imported new state entries               count=289 flushed=378 elapsed=3.765ms   processed=89585 pending=8936  retry=97  duplicate=0 unexpected=0
INFO [10-01|16:16:44] Imported new state entries               count=289 flushed=223 elapsed=4.490ms   processed=89874 pending=8958  retry=95  duplicate=0 unexpected=0
INFO [10-01|16:16:44] Imported new state entries               count=289 flushed=367 elapsed=3.467ms   processed=90163 pending=8671  retry=97  duplicate=0 unexpected=0
INFO [10-01|16:16:44] Imported new state entries               count=289 flushed=250 elapsed=5.426ms   processed=90452 pending=8637  retry=95  duplicate=0 unexpected=0
INFO [10-01|16:16:44] Imported new state entries               count=384 flushed=493 elapsed=5.353ms   processed=90836 pending=8274  retry=0   duplicate=0 unexpected=0
INFO [10-01|16:16:44] Imported new state entries               count=289 flushed=354 elapsed=3.998ms   processed=91125 pending=7998  retry=95  duplicate=0 unexpected=0
INFO [10-01|16:16:45] Imported new state entries               count=289 flushed=234 elapsed=4.834ms   processed=91414 pending=8004  retry=97  duplicate=0 unexpected=0
INFO [10-01|16:16:45] Imported new state entries               count=289 flushed=370 elapsed=4.113ms   processed=91703 pending=7699  retry=95  duplicate=0 unexpected=0
INFO [10-01|16:16:45] Imported new state entries               count=289 flushed=240 elapsed=4.922ms   processed=91992 pending=7686  retry=97  duplicate=0 unexpected=0
INFO [10-01|16:16:45] Imported new state entries               count=289 flushed=359 elapsed=4.622ms   processed=92281 pending=7408  retry=95  duplicate=0 unexpected=0
INFO [10-01|16:16:45] Imported new state entries               count=289 flushed=262 elapsed=4.008ms   processed=92570 pending=7350  retry=95  duplicate=0 unexpected=0
INFO [10-01|16:16:45] Imported new state entries               count=289 flushed=336 elapsed=4.301ms   processed=92859 pending=7108  retry=97  duplicate=0 unexpected=0
INFO [10-01|16:16:45] Imported new state entries               count=289 flushed=272 elapsed=3.971ms   processed=93148 pending=7013  retry=95  duplicate=0 unexpected=0
INFO [10-01|16:16:45] Imported new state entries               count=289 flushed=307 elapsed=3.512ms   processed=93437 pending=6865  retry=95  duplicate=0 unexpected=0
INFO [10-01|16:16:45] Imported new state entries               count=289 flushed=271 elapsed=13.114ms  processed=93726 pending=7699  retry=97  duplicate=0 unexpected=0
INFO [10-01|16:16:45] Imported new state entries               count=289 flushed=173 elapsed=5.385ms   processed=94015 pending=7819  retry=95  duplicate=0 unexpected=0
INFO [10-01|16:16:45] Imported new state entries               count=289 flushed=397 elapsed=2.715ms   processed=94304 pending=7453  retry=97  duplicate=0 unexpected=0
INFO [10-01|16:16:46] Imported new state entries               count=289 flushed=208 elapsed=4.764ms   processed=94593 pending=7522  retry=95  duplicate=0 unexpected=0
INFO [10-01|16:16:46] Imported new state entries               count=384 flushed=79  elapsed=23.783ms  processed=94977 pending=10557 retry=2   duplicate=0 unexpected=0
INFO [10-01|16:16:46] Imported new state entries               count=289 flushed=402 elapsed=2.565ms   processed=95266 pending=10192 retry=95  duplicate=0 unexpected=0
INFO [10-01|16:16:46] Imported new state entries               count=384 flushed=380 elapsed=4.756ms   processed=95650 pending=10049 retry=0   duplicate=0 unexpected=0
INFO [10-01|16:16:46] Imported new state entries               count=289 flushed=227 elapsed=4.532ms   processed=95939 pending=10049 retry=95  duplicate=0 unexpected=0
INFO [10-01|16:16:46] Imported new state entries               count=289 flushed=345 elapsed=4.223ms   processed=96228 pending=9784  retry=95  duplicate=0 unexpected=0
INFO [10-01|16:16:46] Imported new state entries               count=289 flushed=256 elapsed=3.773ms   processed=96517 pending=9726  retry=95  duplicate=0 unexpected=0
INFO [10-01|16:16:46] Imported new state entries               count=289 flushed=331 elapsed=3.326ms   processed=96806 pending=9494  retry=97  duplicate=0 unexpected=0
INFO [10-01|16:16:46] Imported new state entries               count=289 flushed=255 elapsed=4.171ms   processed=97095 pending=9428  retry=95  duplicate=0 unexpected=0
INFO [10-01|16:16:46] Imported new state entries               count=289 flushed=322 elapsed=4.412ms   processed=97384 pending=9227  retry=97  duplicate=0 unexpected=0
INFO [10-01|16:16:46] Imported new state entries               count=289 flushed=277 elapsed=4.861ms   processed=97673 pending=9120  retry=95  duplicate=0 unexpected=0
INFO [10-01|16:16:46] Imported new state entries               count=222 flushed=140 elapsed=4.665ms   processed=97895 pending=9202  retry=0   duplicate=0 unexpected=0
INFO [10-01|16:16:46] Imported new state entries               count=289 flushed=308 elapsed=3.380ms   processed=98184 pending=9032  retry=95  duplicate=0 unexpected=0
INFO [10-01|16:16:47] Imported new state entries               count=152 flushed=105 elapsed=8.565ms   processed=98336 pending=9719  retry=125 duplicate=0 unexpected=0
INFO [10-01|16:16:47] Imported new state entries               count=289 flushed=297 elapsed=3.068ms   processed=98625 pending=9591  retry=95  duplicate=0 unexpected=0
INFO [10-01|16:16:47] Imported new state entries               count=289 flushed=325 elapsed=4.412ms   processed=98914 pending=9396  retry=95  duplicate=0 unexpected=0
INFO [10-01|16:16:47] Imported new state entries               count=384 flushed=275 elapsed=5.240ms   processed=99298 pending=9426  retry=0   duplicate=0 unexpected=0
INFO [10-01|16:16:47] Imported new state entries               count=289 flushed=280 elapsed=2.972ms   processed=99587 pending=9317  retry=95  duplicate=0 unexpected=0
INFO [10-01|16:16:47] Imported new state entries               count=289 flushed=317 elapsed=4.430ms   processed=99876 pending=9124  retry=95  duplicate=0 unexpected=0
INFO [10-01|16:16:47] Imported new state entries               count=289 flushed=301 elapsed=4.829ms   processed=100165 pending=8979  retry=97  duplicate=0 unexpected=0
INFO [10-01|16:16:47] Imported new state entries               count=289 flushed=312 elapsed=4.431ms   processed=100454 pending=8787  retry=95  duplicate=0 unexpected=0
INFO [10-01|16:16:47] Imported new state entries               count=289 flushed=289 elapsed=3.449ms   processed=100743 pending=8663  retry=97  duplicate=0 unexpected=0
INFO [10-01|16:16:47] Imported new state entries               count=289 flushed=302 elapsed=3.636ms   processed=101032 pending=8506  retry=95  duplicate=0 unexpected=0
INFO [10-01|16:16:47] Imported new state entries               count=384 flushed=478 elapsed=3.976ms   processed=101416 pending=8153  retry=0   duplicate=0 unexpected=0
INFO [10-01|16:16:47] Imported new state entries               count=384 flushed=431 elapsed=5.837ms   processed=101800 pending=7899  retry=0   duplicate=0 unexpected=0
INFO [10-01|16:16:47] Imported new state entries               count=289 flushed=321 elapsed=8.728ms   processed=102089 pending=7711  retry=97  duplicate=0 unexpected=0
INFO [10-01|16:16:47] Imported new state entries               count=289 flushed=292 elapsed=4.803ms   processed=102378 pending=7591  retry=95  duplicate=0 unexpected=0
INFO [10-01|16:16:48] Imported new state entries               count=289 flushed=313 elapsed=4.549ms   processed=102667 pending=7406  retry=97  duplicate=0 unexpected=0
INFO [10-01|16:16:48] Imported new state entries               count=289 flushed=294 elapsed=4.842ms   processed=102956 pending=7294  retry=95  duplicate=0 unexpected=0
INFO [10-01|16:16:48] Imported new state entries               count=289 flushed=281 elapsed=10.695ms  processed=103245 pending=7883  retry=97  duplicate=0 unexpected=0
INFO [10-01|16:16:48] Imported new state entries               count=384 flushed=339 elapsed=6.394ms   processed=103629 pending=7857  retry=0   duplicate=0 unexpected=0
INFO [10-01|16:16:48] Imported new state entries               count=289 flushed=239 elapsed=4.833ms   processed=103918 pending=7854  retry=95  duplicate=0 unexpected=0
INFO [10-01|16:16:48] Imported new state entries               count=289 flushed=362 elapsed=4.317ms   processed=104207 pending=7577  retry=95  duplicate=0 unexpected=0
INFO [10-01|16:16:48] Imported new state entries               count=384 flushed=381 elapsed=5.979ms   processed=104591 pending=7418  retry=2   duplicate=0 unexpected=0
INFO [10-01|16:16:48] Imported new state entries               count=289 flushed=235 elapsed=4.903ms   processed=104880 pending=7415  retry=95  duplicate=0 unexpected=0
INFO [10-01|16:16:48] Imported new state entries               count=289 flushed=372 elapsed=3.300ms   processed=105169 pending=7103  retry=97  duplicate=0 unexpected=0
INFO [10-01|16:16:48] Imported new state entries               count=384 flushed=502 elapsed=4.947ms   processed=105553 pending=6685  retry=0   duplicate=0 unexpected=0
INFO [10-01|16:16:48] Imported new state entries               count=289 flushed=136 elapsed=16.875ms  processed=105842 pending=8437  retry=95  duplicate=0 unexpected=0
INFO [10-01|16:16:49] Imported new state entries               count=289 flushed=198 elapsed=4.830ms   processed=106131 pending=8486  retry=97  duplicate=0 unexpected=0
INFO [10-01|16:16:49] Imported new state entries               count=384 flushed=208 elapsed=27.913ms  processed=106515 pending=10883 retry=0   duplicate=0 unexpected=0
INFO [10-01|16:16:49] Imported new state entries               count=289 flushed=374 elapsed=4.085ms   processed=106804 pending=10580 retry=95  duplicate=0 unexpected=0
INFO [10-01|16:16:49] Imported new state entries               count=289 flushed=212 elapsed=5.141ms   processed=107093 pending=10631 retry=95  duplicate=0 unexpected=0
INFO [10-01|16:16:49] Imported new state entries               count=289 flushed=384 elapsed=3.611ms   processed=107382 pending=10284 retry=97  duplicate=0 unexpected=0
INFO [10-01|16:16:49] Imported new state entries               count=289 flushed=221 elapsed=4.179ms   processed=107671 pending=10288 retry=95  duplicate=0 unexpected=0
INFO [10-01|16:16:49] Imported new state entries               count=384 flushed=239 elapsed=6.068ms   processed=108055 pending=10404 retry=0   duplicate=0 unexpected=0
INFO [10-01|16:16:49] Imported new state entries               count=289 flushed=335 elapsed=3.243ms   processed=108344 pending=10168 retry=97  duplicate=0 unexpected=0
INFO [10-01|16:16:49] Imported new state entries               count=289 flushed=265 elapsed=4.987ms   processed=108633 pending=10100 retry=95  duplicate=0 unexpected=0
INFO [10-01|16:16:49] Imported new state entries               count=289 flushed=336 elapsed=3.680ms   processed=108922 pending=9855  retry=97  duplicate=0 unexpected=0
INFO [10-01|16:16:49] Imported new state entries               count=289 flushed=248 elapsed=4.919ms   processed=109211 pending=9814  retry=95  duplicate=0 unexpected=0
INFO [10-01|16:16:50] Imported new state entries               count=384 flushed=500 elapsed=4.053ms   processed=109595 pending=9390  retry=0   duplicate=0 unexpected=0
INFO [10-01|16:16:50] Imported new state entries               count=289 flushed=332 elapsed=4.271ms   processed=109884 pending=9168  retry=97  duplicate=0 unexpected=0
INFO [10-01|16:16:50] Imported new state entries               count=384 flushed=303 elapsed=5.184ms   processed=110268 pending=9180  retry=2   duplicate=0 unexpected=0
INFO [10-01|16:16:50] Imported new state entries               count=174 flushed=112 elapsed=3.780ms   processed=110442 pending=9245  retry=125 duplicate=0 unexpected=0
INFO [10-01|16:16:50] Imported new state entries               count=289 flushed=283 elapsed=3.604ms   processed=110731 pending=9133  retry=97  duplicate=0 unexpected=0
INFO [10-01|16:16:50] Imported new state entries               count=384 flushed=475 elapsed=4.204ms   processed=111115 pending=8764  retry=0   duplicate=0 unexpected=0
INFO [10-01|16:16:50] Imported new state entries               count=289 flushed=303 elapsed=4.247ms   processed=111404 pending=8608  retry=97  duplicate=0 unexpected=0
INFO [10-01|16:16:50] Imported new state entries               count=289 flushed=303 elapsed=5.071ms   processed=111693 pending=8465  retry=95  duplicate=0 unexpected=0
INFO [10-01|16:16:50] Imported new state entries               count=384 flushed=342 elapsed=5.401ms   processed=112077 pending=8393  retry=0   duplicate=0 unexpected=0
INFO [10-01|16:16:50] Imported new state entries               count=289 flushed=298 elapsed=3.924ms   processed=112366 pending=8249  retry=95  duplicate=0 unexpected=0
INFO [10-01|16:16:50] Imported new state entries               count=384 flushed=445 elapsed=6.516ms   processed=112750 pending=7969  retry=2   duplicate=0 unexpected=0
INFO [10-01|16:16:51] Imported new state entries               count=289 flushed=319 elapsed=4.757ms   processed=113039 pending=7795  retry=95  duplicate=0 unexpected=0
INFO [10-01|16:16:51] Imported new state entries               count=289 flushed=311 elapsed=5.280ms   processed=113328 pending=7630  retry=97  duplicate=0 unexpected=0
INFO [10-01|16:16:51] Imported new state entries               count=289 flushed=289 elapsed=4.337ms   processed=113617 pending=7481  retry=95  duplicate=0 unexpected=0
INFO [10-01|16:16:51] Imported new state entries               count=384 flushed=456 elapsed=4.216ms   processed=114001 pending=7170  retry=0   duplicate=0 unexpected=0
INFO [10-01|16:16:51] Imported new state entries               count=289 flushed=265 elapsed=3.485ms   processed=114290 pending=7094  retry=97  duplicate=0 unexpected=0
INFO [10-01|16:16:51] Imported new state entries               count=384 flushed=398 elapsed=6.190ms   processed=114674 pending=6922  retry=2   duplicate=0 unexpected=0
INFO [10-01|16:16:51] Imported new state entries               count=289 flushed=312 elapsed=3.850ms   processed=114963 pending=6752  retry=97  duplicate=0 unexpected=0
INFO [10-01|16:16:51] Imported new state entries               count=384 flushed=430 elapsed=7.145ms   processed=115347 pending=6666  retry=0   duplicate=0 unexpected=0
INFO [10-01|16:16:52] Imported new state entries               count=289 flushed=397 elapsed=7.591ms   processed=115636 pending=6796  retry=95  duplicate=0 unexpected=0
INFO [10-01|16:16:52] Imported new state entries               count=384 flushed=414 elapsed=6.481ms   processed=116020 pending=6613  retry=2   duplicate=0 unexpected=0
INFO [10-01|16:16:52] Imported new state entries               count=289 flushed=186 elapsed=5.207ms   processed=116309 pending=6677  retry=95  duplicate=0 unexpected=0
INFO [10-01|16:16:52] Imported new state entries               count=289 flushed=413 elapsed=6.589ms   processed=116598 pending=6302  retry=95  duplicate=0 unexpected=0
INFO [10-01|16:16:52] Imported new block headers               count=768 elapsed=90.883ms  number=27648 hash=e3446d…019e62 ignored=0
INFO [10-01|16:16:52] Imported new state entries               count=289 flushed=446 elapsed=5.086ms   processed=116887 pending=5961  retry=95  duplicate=0 unexpected=0
INFO [10-01|16:16:52] Imported new block receipts              count=23  elapsed=3.605ms   number=26903 hash=9caf64…daa6b2 ignored=0
INFO [10-01|16:16:52] Imported new state entries               count=289 flushed=295 elapsed=6.090ms   processed=117176 pending=5812  retry=95  duplicate=0 unexpected=0
INFO [10-01|16:16:52] Imported new state entries               count=384 flushed=403 elapsed=12.503ms  processed=117560 pending=6632  retry=0   duplicate=0 unexpected=0
INFO [10-01|16:16:52] Imported new state entries               count=289 flushed=239 elapsed=11.398ms  processed=117849 pending=7325  retry=95  duplicate=0 unexpected=0
INFO [10-01|16:16:52] Imported new state entries               count=289 flushed=184 elapsed=4.290ms   processed=118138 pending=7405  retry=95  duplicate=0 unexpected=0
INFO [10-01|16:16:52] Imported new state entries               count=384 flushed=411 elapsed=6.709ms   processed=118522 pending=7234  retry=0   duplicate=0 unexpected=0
INFO [10-01|16:16:52] Imported new state entries               count=384 flushed=287 elapsed=6.502ms   processed=118906 pending=7238  retry=0   duplicate=0 unexpected=0
INFO [10-01|16:16:52] Imported new block receipts              count=230 elapsed=14.383ms  number=27133 hash=658873…fb2660 ignored=0
INFO [10-01|16:16:52] Imported new state entries               count=289 flushed=369 elapsed=2.794ms   processed=119195 pending=6930  retry=95  duplicate=0 unexpected=0
INFO [10-01|16:16:53] Imported new state entries               count=289 flushed=234 elapsed=18.048ms  processed=119484 pending=6949  retry=95  duplicate=0 unexpected=0
INFO [10-01|16:16:53] Imported new state entries               count=289 flushed=375 elapsed=3.321ms   processed=119773 pending=6616  retry=95  duplicate=0 unexpected=0
INFO [10-01|16:16:53] Imported new state entries               count=384 flushed=473 elapsed=4.444ms   processed=120157 pending=6260  retry=0   duplicate=0 unexpected=0
INFO [10-01|16:16:53] Imported new state entries               count=289 flushed=328 elapsed=5.807ms   processed=120446 pending=6053  retry=95  duplicate=0 unexpected=0
INFO [10-01|16:16:53] Imported new state entries               count=289 flushed=268 elapsed=6.534ms   processed=120735 pending=5921  retry=95  duplicate=0 unexpected=0
INFO [10-01|16:16:53] Imported new state entries               count=289 flushed=296 elapsed=6.206ms   processed=121024 pending=5770  retry=95  duplicate=0 unexpected=0
INFO [10-01|16:16:53] Imported new state entries               count=289 flushed=306 elapsed=5.896ms   processed=121313 pending=5720  retry=95  duplicate=0 unexpected=0
INFO [10-01|16:16:53] Imported new state entries               count=289 flushed=250 elapsed=7.676ms   processed=121602 pending=5802  retry=95  duplicate=0 unexpected=0
INFO [10-01|16:16:53] Imported new state entries               count=384 flushed=401 elapsed=4.752ms   processed=121986 pending=5557  retry=0   duplicate=0 unexpected=0
INFO [10-01|16:16:53] Imported new state entries               count=289 flushed=360 elapsed=4.997ms   processed=122275 pending=5327  retry=95  duplicate=0 unexpected=0
INFO [10-01|16:16:53] Imported new state entries               count=289 flushed=184 elapsed=13.473ms  processed=122564 pending=6188  retry=97  duplicate=0 unexpected=0
INFO [10-01|16:16:53] Imported new state entries               count=289 flushed=239 elapsed=8.807ms   processed=122853 pending=6121  retry=95  duplicate=0 unexpected=0
INFO [10-01|16:16:53] Imported new state entries               count=202 flushed=275 elapsed=2.272ms   processed=123055 pending=5887  retry=125 duplicate=0 unexpected=0
INFO [10-01|16:16:54] Imported new block headers               count=1728 elapsed=182.835ms number=29376 hash=fd844c…a57051 ignored=0
INFO [10-01|16:16:54] Imported new state entries               count=289  flushed=320 elapsed=5.734ms   processed=123344 pending=5683  retry=97  duplicate=0 unexpected=0
INFO [10-01|16:16:54] Imported new state entries               count=384  flushed=458 elapsed=4.737ms   processed=123728 pending=5405  retry=0   duplicate=0 unexpected=0
INFO [10-01|16:16:54] Imported new state entries               count=384  flushed=251 elapsed=14.817ms  processed=124112 pending=6416  retry=0   duplicate=0 unexpected=0
INFO [10-01|16:16:54] Imported new state entries               count=289  flushed=307 elapsed=5.702ms   processed=124401 pending=6244  retry=95  duplicate=0 unexpected=0
INFO [10-01|16:16:54] Imported new block receipts              count=174  elapsed=17.837ms  number=27307 hash=6f1fd4…ab9511 ignored=0
INFO [10-01|16:16:54] Imported new state entries               count=289  flushed=296 elapsed=5.209ms   processed=124690 pending=6253  retry=97  duplicate=0 unexpected=0
INFO [10-01|16:16:54] Imported new state entries               count=384  flushed=359 elapsed=8.606ms   processed=125074 pending=6080  retry=0   duplicate=0 unexpected=0
INFO [10-01|16:16:54] Imported new state entries               count=289  flushed=201 elapsed=16.297ms  processed=125363 pending=6219  retry=95  duplicate=0 unexpected=0
INFO [10-01|16:16:54] Imported new state entries               count=289  flushed=391 elapsed=2.697ms   processed=125652 pending=5854  retry=95  duplicate=0 unexpected=0
INFO [10-01|16:16:54] Imported new block headers               count=2048 elapsed=230.873ms number=31424 hash=8448b3…d32442 ignored=0
INFO [10-01|16:16:54] Imported new state entries               count=289  flushed=296 elapsed=6.627ms   processed=125941 pending=5679  retry=97  duplicate=0 unexpected=0
INFO [10-01|16:16:54] Imported new state entries               count=289  flushed=301 elapsed=7.605ms   processed=126230 pending=5479  retry=95  duplicate=0 unexpected=0
INFO [10-01|16:16:54] Imported new state entries               count=289  flushed=281 elapsed=8.782ms   processed=126519 pending=5364  retry=97  duplicate=0 unexpected=0
INFO [10-01|16:16:54] Imported new block headers               count=2048 elapsed=220.211ms number=33472 hash=43a614…3ca04e ignored=0
INFO [10-01|16:16:54] Imported new state entries               count=289  flushed=338 elapsed=6.509ms   processed=126808 pending=5148  retry=95  duplicate=0 unexpected=0
INFO [10-01|16:16:54] Imported new state entries               count=384  flushed=424 elapsed=11.196ms  processed=127192 pending=4900  retry=0   duplicate=0 unexpected=0
INFO [10-01|16:16:55] Imported new state entries               count=289  flushed=168 elapsed=26.989ms  processed=127481 pending=5806  retry=97  duplicate=0 unexpected=0
INFO [10-01|16:16:55] Imported new state entries               count=230  flushed=256 elapsed=31.322ms  processed=127711 pending=6438  retry=130 duplicate=0 unexpected=0
INFO [10-01|16:16:55] Imported new state entries               count=289  flushed=264 elapsed=5.680ms   processed=128000 pending=6350  retry=95  duplicate=0 unexpected=0
INFO [10-01|16:16:55] Imported new block headers               count=2048 elapsed=235.190ms number=35520 hash=a751c6…85112f ignored=0
INFO [10-01|16:16:55] Imported new state entries               count=289  flushed=338 elapsed=5.404ms   processed=128289 pending=6110  retry=95  duplicate=0 unexpected=0
INFO [10-01|16:16:55] Imported new state entries               count=289  flushed=277 elapsed=6.955ms   processed=128578 pending=5972  retry=97  duplicate=0 unexpected=0
INFO [10-01|16:16:55] Imported new state entries               count=254  flushed=290 elapsed=4.515ms   processed=128832 pending=5788  retry=130 duplicate=0 unexpected=0
INFO [10-01|16:16:55] Imported new state entries               count=237  flushed=323 elapsed=2.712ms   processed=129069 pending=5509  retry=0   duplicate=0 unexpected=0
INFO [10-01|16:16:55] Imported new state entries               count=289  flushed=321 elapsed=6.557ms   processed=129358 pending=5306  retry=95  duplicate=0 unexpected=0
INFO [10-01|16:16:55] Imported new block headers               count=2048 elapsed=233.108ms number=37568 hash=fc2aeb…f6de70 ignored=0
INFO [10-01|16:16:55] Imported new state entries               count=254  flushed=260 elapsed=6.378ms   processed=129612 pending=5202  retry=296 duplicate=0 unexpected=0
INFO [10-01|16:16:55] Imported new state entries               count=289  flushed=151 elapsed=23.899ms  processed=129901 pending=6163  retry=95  duplicate=0 unexpected=0
INFO [10-01|16:16:55] Imported new state entries               count=289  flushed=290 elapsed=8.731ms   processed=130190 pending=6195  retry=97  duplicate=0 unexpected=0
INFO [10-01|16:16:55] Imported new state entries               count=384  flushed=463 elapsed=5.973ms   processed=130574 pending=5870  retry=0   duplicate=0 unexpected=0
INFO [10-01|16:16:55] Imported new state entries               count=289  flushed=196 elapsed=8.040ms   processed=130863 pending=6017  retry=95  duplicate=0 unexpected=0
INFO [10-01|16:16:55] Imported new block receipts              count=2048 elapsed=237.577ms number=29355 hash=f9d7e2…112d1d ignored=0
INFO [10-01|16:16:55] Imported new state entries               count=289  flushed=409 elapsed=2.853ms   processed=131152 pending=5640  retry=97  duplicate=0 unexpected=0
INFO [10-01|16:16:55] Imported new state entries               count=244  flushed=126 elapsed=40.831ms  processed=131396 pending=8221  retry=140 duplicate=0 unexpected=0
INFO [10-01|16:16:55] Imported new state entries               count=289  flushed=299 elapsed=5.303ms   processed=131685 pending=8068  retry=95  duplicate=0 unexpected=0
INFO [10-01|16:16:56] Imported new block receipts              count=2048 elapsed=222.058ms number=31403 hash=9ef207…dce74c ignored=0
INFO [10-01|16:16:56] Imported new state entries               count=289  flushed=233 elapsed=13.829ms  processed=131974 pending=8456  retry=97  duplicate=0 unexpected=0
INFO [10-01|16:16:56] Imported new block headers               count=2048 elapsed=484.823ms number=39616 hash=30fc0b…7fa65f ignored=0
INFO [10-01|16:16:56] Imported new state entries               count=289  flushed=263 elapsed=9.590ms   processed=132263 pending=8341  retry=95  duplicate=0 unexpected=0
INFO [10-01|16:16:56] Imported new state entries               count=244  flushed=131 elapsed=11.004ms  processed=132507 pending=8603  retry=140 duplicate=0 unexpected=0
INFO [10-01|16:16:56] Imported new block receipts              count=1450 elapsed=165.226ms number=32853 hash=278ee0…1d2d90 ignored=0
INFO [10-01|16:16:56] Imported new state entries               count=289  flushed=313 elapsed=8.562ms   processed=132796 pending=8420  retry=97  duplicate=0 unexpected=0
INFO [10-01|16:16:56] Imported new block receipts              count=481  elapsed=74.228ms  number=33334 hash=bf4a11…62ee05 ignored=0
INFO [10-01|16:16:56] Imported new state entries               count=244  flushed=310 elapsed=1.623ms   processed=133040 pending=8141  retry=140 duplicate=0 unexpected=0
INFO [10-01|16:16:56] Imported new state entries               count=289  flushed=375 elapsed=3.661ms   processed=133329 pending=7826  retry=95  duplicate=0 unexpected=0
INFO [10-01|16:16:56] Imported new state entries               count=103  flushed=129 elapsed=1.855ms   processed=133432 pending=7725  retry=178 duplicate=0 unexpected=0
INFO [10-01|16:16:56] Imported new state entries               count=287  flushed=120 elapsed=20.000ms  processed=133719 pending=9077  retry=99  duplicate=0 unexpected=0
INFO [10-01|16:16:56] Imported new block headers               count=2048 elapsed=245.362ms number=41664 hash=aa312c…fffca7 ignored=0
INFO [10-01|16:16:56] Imported new state entries               count=287  flushed=267 elapsed=8.631ms   processed=134006 pending=8926  retry=97  duplicate=0 unexpected=0
INFO [10-01|16:16:56] Imported new state entries               count=287  flushed=294 elapsed=33.344ms  processed=134293 pending=8758  retry=99  duplicate=0 unexpected=0
INFO [10-01|16:16:56] Imported new state entries               count=244  flushed=205 elapsed=14.143ms  processed=134537 pending=8834  retry=140 duplicate=0 unexpected=0
INFO [10-01|16:16:56] Imported new state entries               count=287  flushed=311 elapsed=4.898ms   processed=134824 pending=8633  retry=97  duplicate=0 unexpected=0
INFO [10-01|16:16:56] Imported new block receipts              count=2048 elapsed=255.942ms number=35382 hash=875306…2d7bdf ignored=0
INFO [10-01|16:16:56] Imported new state entries               count=287  flushed=290 elapsed=5.703ms   processed=135111 pending=8467  retry=99  duplicate=0 unexpected=0
INFO [10-01|16:16:56] Imported new state entries               count=244  flushed=239 elapsed=4.175ms   processed=135355 pending=8329  retry=140 duplicate=0 unexpected=0
INFO [10-01|16:16:56] Imported new state entries               count=287  flushed=335 elapsed=4.924ms   processed=135642 pending=8097  retry=97  duplicate=0 unexpected=0
INFO [10-01|16:16:56] Imported new state entries               count=287  flushed=295 elapsed=5.602ms   processed=135929 pending=7956  retry=99  duplicate=0 unexpected=0
INFO [10-01|16:16:56] Imported new block receipts              count=2048 elapsed=189.151ms number=37430 hash=70368a…1a570d ignored=0
INFO [10-01|16:16:56] Imported new block headers               count=1536 elapsed=360.110ms number=43200 hash=b451df…3507ae ignored=0
INFO [10-01|16:16:56] Imported new state entries               count=244  flushed=259 elapsed=4.457ms   processed=136173 pending=7818  retry=140 duplicate=0 unexpected=0
INFO [10-01|16:16:57] Imported new state entries               count=287  flushed=297 elapsed=5.480ms   processed=136460 pending=7679  retry=97  duplicate=0 unexpected=0
INFO [10-01|16:16:57] Imported new block receipts              count=2048 elapsed=131.032ms number=39478 hash=9256bd…4270e3 ignored=0
INFO [10-01|16:16:57] Imported new block receipts              count=138  elapsed=7.383ms   number=39616 hash=30fc0b…7fa65f ignored=0
INFO [10-01|16:16:57] Imported new state entries               count=286  flushed=230 elapsed=12.411ms  processed=136746 pending=8342  retry=98  duplicate=0 unexpected=0
INFO [10-01|16:16:57] Imported new block receipts              count=2048 elapsed=129.520ms number=41664 hash=aa312c…fffca7 ignored=0
INFO [10-01|16:16:57] Imported new block receipts              count=5    elapsed=308.309µs number=41669 hash=c3e994…e33a9d ignored=0
INFO [10-01|16:16:57] Imported new state entries               count=286  flushed=255 elapsed=4.913ms   processed=137032 pending=8491  retry=98  duplicate=0 unexpected=0
INFO [10-01|16:16:57] Imported new state entries               count=384  flushed=417 elapsed=6.806ms   processed=137416 pending=8264  retry=0   duplicate=0 unexpected=0
INFO [10-01|16:16:57] Imported new state entries               count=244  flushed=251 elapsed=5.702ms   processed=137660 pending=8283  retry=140 duplicate=0 unexpected=0
INFO [10-01|16:16:57] Imported new block receipts              count=1526 elapsed=97.712ms  number=43195 hash=7cd4db…01944a ignored=0
INFO [10-01|16:16:57] Imported new block receipts              count=5    elapsed=324.374µs number=43200 hash=b451df…3507ae ignored=0
INFO [10-01|16:16:57] Imported new state entries               count=286  flushed=33  elapsed=16.616ms  processed=137946 pending=10831 retry=98  duplicate=0 unexpected=0
INFO [10-01|16:16:57] Imported new state entries               count=286  flushed=170 elapsed=4.688ms   processed=138232 pending=10924 retry=98  duplicate=0 unexpected=0
INFO [10-01|16:16:57] Imported new state entries               count=286  flushed=379 elapsed=2.531ms   processed=138518 pending=10587 retry=98  duplicate=0 unexpected=0
INFO [10-01|16:16:57] Imported new state entries               count=286  flushed=246 elapsed=3.904ms   processed=138804 pending=10532 retry=98  duplicate=0 unexpected=0
INFO [10-01|16:16:57] Imported new state entries               count=30   flushed=38  elapsed=1.097ms   processed=138834 pending=10507 retry=262 duplicate=0 unexpected=0
INFO [10-01|16:16:57] Imported new state entries               count=286  flushed=330 elapsed=3.380ms   processed=139120 pending=10278 retry=98  duplicate=0 unexpected=0
INFO [10-01|16:16:57] Imported new state entries               count=286  flushed=244 elapsed=4.413ms   processed=139406 pending=10249 retry=98  duplicate=0 unexpected=0
INFO [10-01|16:16:57] Imported new state entries               count=244  flushed=224 elapsed=5.010ms   processed=139650 pending=10176 retry=142 duplicate=0 unexpected=0
INFO [10-01|16:16:57] Imported new state entries               count=286  flushed=348 elapsed=2.894ms   processed=139936 pending=9910  retry=98  duplicate=0 unexpected=0
INFO [10-01|16:16:58] Imported new state entries               count=18   flushed=12  elapsed=496.007µs processed=139954 pending=9910  retry=263 duplicate=0 unexpected=0
INFO [10-01|16:16:58] Imported new state entries               count=286  flushed=253 elapsed=4.187ms   processed=140240 pending=9861  retry=98  duplicate=0 unexpected=0
INFO [10-01|16:16:58] IPC endpoint closed: /Users/cbuonocore/Library/Ethereum/geth.ipc 
INFO [10-01|16:16:58] Blockchain manager stopped 
INFO [10-01|16:16:58] Stopping Ethereum protocol 
INFO [10-01|16:16:58] Ethereum protocol stopped 
INFO [10-01|16:16:58] Transaction pool stopped 
INFO [10-01|16:16:58] Database closed                          database=/Users/cbuonocore/Library/Ethereum/geth/chaindata
WARN [10-01|16:16:59] No etherbase set and no accounts found as default 
INFO [10-01|16:16:59] Starting peer-to-peer node               instance=Geth/v1.6.7-stable-ab5646c5/darwin-amd64/go1.8.3
INFO [10-01|16:16:59] Allocated cache and file handles         database=/Users/cbuonocore/Library/Ethereum/geth/chaindata cache=128 handles=1024
INFO [10-01|16:17:00] Initialised chain configuration          config="{ChainID: 1 Homestead: 1150000 DAO: 1920000 DAOSupport: true EIP150: 2463000 EIP155: 2675000 EIP158: 2675000 Metropolis: 9223372036854775807 Engine: ethash}"
INFO [10-01|16:17:00] Disk storage enabled for ethash caches   dir=/Users/cbuonocore/Library/Ethereum/geth/ethash count=3
INFO [10-01|16:17:00] Disk storage enabled for ethash DAGs     dir=/Users/cbuonocore/.ethash                      count=2
INFO [10-01|16:17:00] Initialising Ethereum protocol           versions="[63 62]" network=1
INFO [10-01|16:17:00] Loaded most recent local header          number=43200 hash=b451df…3507ae td=38514048298460385
INFO [10-01|16:17:00] Loaded most recent local full block      number=0     hash=d4e567…cb8fa3 td=17179869184
INFO [10-01|16:17:00] Loaded most recent local fast block      number=43200 hash=b451df…3507ae td=38514048298460385
INFO [10-01|16:17:00] Starting P2P networking 
